  Environment.cpp
h:\Documents\GitHub\8INF935-MoteurJV\MoteurJV\Environment.cpp(3,37): error C2061: syntax error: identifier 'physicsEngine'
h:\Documents\GitHub\8INF935-MoteurJV\MoteurJV\Environment.cpp(4,1): error C2511: 'Environment::Environment(float)': overloaded member function not found in 'Environment'
h:\Documents\GitHub\8INF935-MoteurJV\MoteurJV\Environment.h(11): message : see declaration of 'Environment'
h:\Documents\GitHub\8INF935-MoteurJV\MoteurJV\Environment.cpp(5,2): error C2597: illegal reference to non-static member 'Environment::tick'
h:\Documents\GitHub\8INF935-MoteurJV\MoteurJV\Environment.h(24): message : see declaration of 'Environment::tick'
h:\Documents\GitHub\8INF935-MoteurJV\MoteurJV\Environment.cpp(6,11): error C2065: 'e': undeclared identifier
h:\Documents\GitHub\8INF935-MoteurJV\MoteurJV\Environment.cpp(6,2): error C2597: illegal reference to non-static member 'Environment::engine'
h:\Documents\GitHub\8INF935-MoteurJV\MoteurJV\Environment.h(27): message : see declaration of 'Environment::engine'
h:\Documents\GitHub\8INF935-MoteurJV\MoteurJV\Environment.cpp(7,11): error C2065: 'b': undeclared identifier
h:\Documents\GitHub\8INF935-MoteurJV\MoteurJV\Environment.cpp(7,2): error C2597: illegal reference to non-static member 'Environment::bounds'
h:\Documents\GitHub\8INF935-MoteurJV\MoteurJV\Environment.h(18): message : see declaration of 'Environment::bounds'
h:\Documents\GitHub\8INF935-MoteurJV\MoteurJV\Environment.cpp(8,2): error C2597: illegal reference to non-static member 'Environment::time'
h:\Documents\GitHub\8INF935-MoteurJV\MoteurJV\Environment.h(21): message : see declaration of 'Environment::time'
h:\Documents\GitHub\8INF935-MoteurJV\MoteurJV\Environment.cpp(14,15): error C2440: 'delete': cannot convert from 'Vecteur3D' to 'void*'
h:\Documents\GitHub\8INF935-MoteurJV\MoteurJV\Environment.cpp(14,9): message : No user-defined-conversion operator available that can perform this conversion, or the operator cannot be called
h:\Documents\GitHub\8INF935-MoteurJV\MoteurJV\Environment.cpp(15,15): error C2440: 'delete': cannot convert from 'PhysicsEngine' to 'void*'
h:\Documents\GitHub\8INF935-MoteurJV\MoteurJV\Environment.cpp(15,9): message : No user-defined-conversion operator available that can perform this conversion, or the operator cannot be called
  imgui.cpp
  imgui_demo.cpp
  imgui_draw.cpp
  imgui_impl_glfw.cpp
  imgui_impl_opengl3.cpp
  imgui_tables.cpp
  imgui_widgets.cpp
  Main.cpp
  Particle.cpp
h:\Documents\GitHub\8INF935-MoteurJV\MoteurJV\Particle.cpp(8,9): error C2065: 'speed': undeclared identifier
h:\Documents\GitHub\8INF935-MoteurJV\MoteurJV\Particle.cpp(8,14): error C2541: 'delete': cannot delete objects that are not pointers
  PhysicsEngine.cpp
h:\Documents\GitHub\8INF935-MoteurJV\MoteurJV\PhysicsEngine.cpp(30): error C2102: '&' requires l-value
h:\Documents\GitHub\8INF935-MoteurJV\MoteurJV\PhysicsEngine.cpp(33): error C2102: '&' requires l-value
  Vecteur3D.cpp
  Generating Code...
h:\Documents\GitHub\8INF935-MoteurJV\MoteurJV\Vecteur3D.cpp(99): error C4716: 'Vecteur3D::normalisation': must return a value
